2026-06-05 14:30:53,349 [INFO] ====== WebDriver manager ======
2026-06-05 14:30:55,964 [INFO] Driver [C:\Users\Katy\.wdm\drivers\chromedriver\win64\148.0.7778.178\chromedriver-win64/chromedriver.exe] found in cache by browser version
2026-06-05 14:30:57,686 [INFO] 
============================================================
2026-06-05 14:30:57,688 [INFO] 開始搜尋關鍵字：'醫療'
2026-06-05 14:30:57,692 [INFO] ============================================================
2026-06-05 14:30:57,696 [INFO] 開啟查詢頁面，關鍵字：'醫療'
2026-06-05 14:31:05,348 [INFO]   已填入關鍵字：'醫療'
2026-06-05 14:31:05,733 [INFO]   DBselect 選項：['產險>保單條款', '產險>要保書', '產險>費率', '產險>理賠文件', '產險>保險商品之精算、核保、理賠、法務、保全與投資簽署人員姓名', '產險>保單簡介', '壽險>保單條款', '壽險>要保書', '壽險>費率', '壽險>理賠文件', '壽險>保險商品之精算、核保、理賠、法務、保全與投資簽署人員姓名', '壽險>保單簡介']
2026-06-05 14:31:05,866 [INFO]   已選擇資料庫：'產險>保單條款'
2026-06-05 14:31:05,950 [INFO]   ✅ 結果頁面已載入！
2026-06-05 14:31:08,214 [INFO] 解析第 1 頁...
2026-06-05 14:31:08,383 [WARNING]   本頁未找到任何 PDF 連結或資料表格。
2026-06-05 14:31:08,384 [INFO] 此頁無資料，結束翻頁。
2026-06-05 14:31:08,385 [INFO] 
============================================================
2026-06-05 14:31:08,385 [INFO] 開始搜尋關鍵字：'住院醫療'
2026-06-05 14:31:08,386 [INFO] ============================================================
2026-06-05 14:31:08,387 [INFO] 開啟查詢頁面，關鍵字：'住院醫療'
2026-06-05 14:31:15,833 [INFO]   已填入關鍵字：'住院醫療'
2026-06-05 14:31:16,155 [INFO]   DBselect 選項：['產險>保單條款', '產險>要保書', '產險>費率', '產險>理賠文件', '產險>保險商品之精算、核保、理賠、法務、保全與投資簽署人員姓名', '產險>保單簡介', '壽險>保單條款', '壽險>要保書', '壽險>費率', '壽險>理賠文件', '壽險>保險商品之精算、核保、理賠、法務、保全與投資簽署人員姓名', '壽險>保單簡介']
2026-06-05 14:31:16,251 [INFO]   已選擇資料庫：'產險>保單條款'
2026-06-05 14:31:16,330 [INFO]   ✅ 結果頁面已載入！
2026-06-05 14:31:18,874 [INFO] 解析第 1 頁...
2026-06-05 14:31:19,069 [WARNING]   本頁未找到任何 PDF 連結或資料表格。
2026-06-05 14:31:19,070 [INFO] 此頁無資料，結束翻頁。
2026-06-05 14:31:19,071 [INFO] 
============================================================
2026-06-05 14:31:19,071 [INFO] 開始搜尋關鍵字：'實支實付'
2026-06-05 14:31:19,072 [INFO] ============================================================
2026-06-05 14:31:19,073 [INFO] 開啟查詢頁面，關鍵字：'實支實付'
2026-06-05 14:31:24,466 [INFO]   已填入關鍵字：'實支實付'
2026-06-05 14:31:24,760 [INFO]   DBselect 選項：['產險>保單條款', '產險>要保書', '產險>費率', '產險>理賠文件', '產險>保險商品之精算、核保、理賠、法務、保全與投資簽署人員姓名', '產險>保單簡介', '壽險>保單條款', '壽險>要保書', '壽險>費率', '壽險>理賠文件', '壽險>保險商品之精算、核保、理賠、法務、保全與投資簽署人員姓名', '壽險>保單簡介']
2026-06-05 14:31:24,923 [INFO]   已選擇資料庫：'產險>保單條款'
2026-06-05 14:31:25,008 [INFO]   ✅ 結果頁面已載入！
2026-06-05 14:31:27,550 [INFO] 解析第 1 頁...
2026-06-05 14:31:27,712 [WARNING]   本頁未找到任何 PDF 連結或資料表格。
2026-06-05 14:31:27,713 [INFO] 此頁無資料，結束翻頁。
2026-06-05 14:31:27,714 [INFO] 
============================================================
2026-06-05 14:31:27,714 [INFO] 開始搜尋關鍵字：'手術'
2026-06-05 14:31:27,714 [INFO] ============================================================
2026-06-05 14:31:27,718 [INFO] 開啟查詢頁面，關鍵字：'手術'
2026-06-05 14:31:31,236 [INFO]   已填入關鍵字：'手術'
2026-06-05 14:31:31,568 [INFO]   DBselect 選項：['產險>保單條款', '產險>要保書', '產險>費率', '產險>理賠文件', '產險>保險商品之精算、核保、理賠、法務、保全與投資簽署人員姓名', '產險>保單簡介', '壽險>保單條款', '壽險>要保書', '壽險>費率', '壽險>理賠文件', '壽險>保險商品之精算、核保、理賠、法務、保全與投資簽署人員姓名', '壽險>保單簡介']
2026-06-05 14:31:31,668 [INFO]   已選擇資料庫：'產險>保單條款'
2026-06-05 14:31:31,733 [INFO]   ✅ 結果頁面已載入！
2026-06-05 14:31:34,497 [INFO] 解析第 1 頁...
2026-06-05 14:31:34,608 [WARNING]   本頁未找到任何 PDF 連結或資料表格。
2026-06-05 14:31:34,608 [INFO] 此頁無資料，結束翻頁。
2026-06-05 14:31:34,609 [INFO] 
============================================================
2026-06-05 14:31:34,609 [INFO] 開始搜尋關鍵字：'癌症'
2026-06-05 14:31:34,610 [INFO] ============================================================
2026-06-05 14:31:34,612 [INFO] 開啟查詢頁面，關鍵字：'癌症'
2026-06-05 14:31:40,223 [INFO]   已填入關鍵字：'癌症'
2026-06-05 14:31:40,514 [INFO]   DBselect 選項：['產險>保單條款', '產險>要保書', '產險>費率', '產險>理賠文件', '產險>保險商品之精算、核保、理賠、法務、保全與投資簽署人員姓名', '產險>保單簡介', '壽險>保單條款', '壽險>要保書', '壽險>費率', '壽險>理賠文件', '壽險>保險商品之精算、核保、理賠、法務、保全與投資簽署人員姓名', '壽險>保單簡介']
2026-06-05 14:31:40,599 [INFO]   已選擇資料庫：'產險>保單條款'
2026-06-05 14:31:40,668 [INFO]   ✅ 結果頁面已載入！
2026-06-05 14:31:43,239 [INFO] 解析第 1 頁...
2026-06-05 14:31:43,344 [WARNING]   本頁未找到任何 PDF 連結或資料表格。
2026-06-05 14:31:43,344 [INFO] 此頁無資料，結束翻頁。
2026-06-05 14:31:43,347 [INFO] 
============================================================
2026-06-05 14:31:43,347 [INFO] 開始搜尋關鍵字：'重大傷病'
2026-06-05 14:31:43,348 [INFO] ============================================================
2026-06-05 14:31:43,349 [INFO] 開啟查詢頁面，關鍵字：'重大傷病'
2026-06-05 14:31:50,533 [INFO]   已填入關鍵字：'重大傷病'
2026-06-05 14:31:50,826 [INFO]   DBselect 選項：['產險>保單條款', '產險>要保書', '產險>費率', '產險>理賠文件', '產險>保險商品之精算、核保、理賠、法務、保全與投資簽署人員姓名', '產險>保單簡介', '壽險>保單條款', '壽險>要保書', '壽險>費率', '壽險>理賠文件', '壽險>保險商品之精算、核保、理賠、法務、保全與投資簽署人員姓名', '壽險>保單簡介']
2026-06-05 14:31:50,918 [INFO]   已選擇資料庫：'產險>保單條款'
2026-06-05 14:31:50,978 [INFO]   ✅ 結果頁面已載入！
2026-06-05 14:31:53,580 [INFO] 解析第 1 頁...
2026-06-05 14:31:53,703 [WARNING]   本頁未找到任何 PDF 連結或資料表格。
2026-06-05 14:31:53,704 [INFO] 此頁無資料，結束翻頁。
2026-06-05 14:31:53,704 [INFO] 
============================================================
2026-06-05 14:31:53,706 [INFO] 開始搜尋關鍵字：'長期照護'
2026-06-05 14:31:53,708 [INFO] ============================================================
2026-06-05 14:31:53,717 [INFO] 開啟查詢頁面，關鍵字：'長期照護'
2026-06-05 14:31:58,493 [INFO]   已填入關鍵字：'長期照護'
2026-06-05 14:31:58,774 [INFO]   DBselect 選項：['產險>保單條款', '產險>要保書', '產險>費率', '產險>理賠文件', '產險>保險商品之精算、核保、理賠、法務、保全與投資簽署人員姓名', '產險>保單簡介', '壽險>保單條款', '壽險>要保書', '壽險>費率', '壽險>理賠文件', '壽險>保險商品之精算、核保、理賠、法務、保全與投資簽署人員姓名', '壽險>保單簡介']
2026-06-05 14:31:58,888 [INFO]   已選擇資料庫：'產險>保單條款'
2026-06-05 14:31:58,948 [INFO]   ✅ 結果頁面已載入！
2026-06-05 14:32:01,224 [INFO] 解析第 1 頁...
2026-06-05 14:32:01,426 [WARNING]   本頁未找到任何 PDF 連結或資料表格。
2026-06-05 14:32:01,428 [INFO] 此頁無資料，結束翻頁。
