2026-06-05 15:16:16,639 [INFO] 
============================================================
開始抓取類別：健康保險
============================================================
2026-06-05 15:16:16,649 [INFO] 開啟查詢頁面，準備查詢類別：'健康保險'
2026-06-05 15:16:27,945 [INFO]   已選：公司類別 = 人身保險
2026-06-05 15:16:29,637 [INFO]   已選：公司名稱 = '000-壽險全部'
2026-06-05 15:16:31,228 [INFO]   已選：保險類別 = '健康保險'
2026-06-05 15:16:32,105 [INFO]   ✅ 結果頁已載入
2026-06-05 15:16:35,023 [INFO] 解析第 1 頁...
2026-06-05 15:16:35,366 [WARNING]   本頁找不到任何 PDF 連結或資料表格
2026-06-05 15:16:35,367 [INFO]   儲存 debug_result_page.html 供人工檢查
2026-06-05 15:16:35,382 [INFO] 無更多資料，結束。
2026-06-05 15:35:52,122 [INFO] 
============================================================
開始抓取類別：健康保險
============================================================
2026-06-05 15:35:52,126 [INFO] 開啟查詢頁面，準備類別：'健康保險'
2026-06-05 15:35:58,066 [INFO]   ✓ 公司類別 = 人身保險
2026-06-05 15:36:00,561 [INFO]   ✓ 公司名稱 = '000-壽險全部'
2026-06-05 15:36:03,102 [INFO]   ✓ 保險類別 = '健康保險'
2026-06-05 15:36:04,292 [INFO]   ✓ 已勾選「未停售」
2026-06-05 15:39:05,015 [ERROR]   ⏰ 等待超時，跳過此類別
2026-06-05 15:40:15,636 [INFO] 
============================================================
開始抓取類別：健康保險
============================================================
2026-06-05 15:40:15,638 [INFO] 開啟查詢頁面，準備類別：'健康保險'
2026-06-05 15:40:21,747 [INFO]   ✓ 公司類別 = 人身保險
2026-06-05 15:40:23,385 [INFO]   ✓ 公司名稱 = '000-壽險全部'
2026-06-05 15:40:24,466 [INFO]   ✓ 保險類別 = '健康保險'
2026-06-05 15:40:25,183 [INFO]   ✓ 已勾選「未停售」
